2025-11-27 01:26:56 info: MongoDB Connected! DB Host: localhost
2025-11-27 01:26:56 info: ⚙️ Server is running on port: 4000
2025-11-27 01:29:10 error: API Error: 409 - User with email or username already exists
2025-11-27 01:29:37 error: API Error: 404 - User does not exist
2025-11-27 01:29:49 error: API Error: 404 - User does not exist
2025-11-27 01:30:24 error: API Error: 404 - User does not exist
2025-11-27 01:30:28 error: API Error: 404 - User does not exist
2025-11-27 01:31:17 error: API Error: 409 - User with email or username already exists
2025-11-27 01:31:26 error: API Error: 409 - User with email or username already exists
2025-11-27 01:31:37 error: API Error: 409 - User with email or username already exists
2025-11-27 01:31:54 error: API Error: 409 - User with email or username already exists
2025-11-27 01:37:38 error: API Error: 409 - User with email or username already exists
2025-11-27 01:42:36 info: MongoDB Connected! DB Host: localhost, 
2025-11-27 01:42:36 info: ⚙️ Server is running on port: 4000
2025-11-27 01:42:45 info: MongoDB Connected! DB Host: localhost, conn.connection.name
2025-11-27 01:42:45 info: ⚙️ Server is running on port: 4000
2025-11-27 01:42:53 error: MongoDB connection FAILED:  conn is not defined
2025-11-27 01:43:02 info: MongoDB Connected! DB Host: localhost
2025-11-27 01:43:02 info: ⚙️ Server is running on port: 4000
2025-11-27 01:43:12 info: MongoDB Connected! DB Host: localhost
2025-11-27 01:43:12 info: ⚙️ Server is running on port: 4000
2025-11-27 01:43:34 error: MongoDB connection FAILED:  Cannot read properties of undefined (reading 'name')
2025-11-27 01:43:47 info: MongoDB Connected! DB Host: localhost
2025-11-27 01:43:47 info: ⚙️ Server is running on port: 4000
2025-11-27 01:43:50 info: MongoDB Connected! DB Host: localhost
2025-11-27 01:43:50 info: ⚙️ Server is running on port: 4000
2025-11-27 01:43:56 error: MongoDB connection FAILED:  Cannot read properties of undefined (reading 'name')
2025-11-27 01:44:17 info: ⚙️ Server is running on port: 4000
2025-11-27 01:44:36 info: MongoDB Connected! DB Host: localhost
2025-11-27 01:44:36 info: ⚙️ Server is running on port: 4000
2025-11-27 01:44:43 info: ⚙️ Server is running on port: 4000
2025-11-27 01:45:09 error: API Error: 404 - User does not exist
2025-11-27 01:45:46 error: API Error: 404 - User does not exist
2025-11-27 01:45:50 error: API Error: 404 - User does not exist
2025-11-27 11:21:39 info: ⚙️ Server is running on port: 4000
2025-11-27 12:44:15 error: API Error: 409 - User with email or username already exists
2025-11-27 12:44:47 error: Unhandled Error: User validation failed: fullName: Path `fullName` is required. User validation failed: fullName: Path `fullName` is required.
2025-11-27 12:47:49 error: Unhandled Error: Cannot read properties of undefined (reading 'toLowerCase') Cannot read properties of undefined (reading 'toLowerCase')
2025-11-27 12:49:56 info: ⚙️ Server is running on port: 4000
2025-11-27 13:34:47 error: API Error: 409 - User with email or username already exists
2025-11-27 13:35:22 error: API Error: 404 - Not Found
2025-11-27 13:35:27 error: API Error: 404 - Not Found
2025-11-27 13:38:17 error: API Error: 404 - Not Found
2025-11-27 13:38:24 error: API Error: 404 - Not Found
2025-11-27 13:40:04 error: API Error: 404 - Not Found
2025-11-27 13:40:15 error: API Error: 404 - Not Found
2025-11-27 13:52:48 error: API Error: 404 - Not Found
2025-11-27 13:53:06 error: API Error: 404 - Not Found
2025-11-27 13:55:21 error: API Error: 404 - Not Found
2025-11-27 13:55:40 error: API Error: 404 - Not Found
2025-11-27 13:56:15 error: API Error: 404 - Not Found
2025-11-27 14:03:18 error: API Error: 404 - Not Found
2025-11-27 14:03:29 error: API Error: 404 - Not Found
2025-11-27 14:03:35 error: API Error: 404 - Not Found
2025-11-27 14:03:55 error: API Error: 404 - Not Found
2025-11-27 14:07:34 error: API Error: 404 - Not Found
2025-11-27 14:08:02 error: API Error: 404 - Not Found
2025-11-27 15:57:46 error: API Error: 404 - Not Found
2025-11-27 16:01:15 error: API Error: 404 - Not Found
2025-11-27 16:03:18 error: API Error: 404 - Not Found
2025-11-27 16:04:02 error: API Error: 404 - Not Found
2025-11-27 16:05:18 error: API Error: 404 - Not Found
2025-11-27 16:05:29 error: API Error: 404 - Not Found
2025-11-27 16:10:27 error: API Error: 404 - Not Found
2025-11-27 16:12:04 error: API Error: 404 - Not Found
2025-11-27 16:14:38 info: ⚙️ Server is running on port: 4000
2025-11-27 16:14:51 info: ⚙️ Server is running on port: 4000
2025-11-27 16:15:30 info: ⚙️ Server is running on port: 4000
2025-11-27 20:05:04 info: ⚙️ Server is running on port: 4000
2025-11-27 20:10:37 error: API Error: 404 - Not Found
2025-11-27 20:10:37 error: API Error: 404 - Not Found
2025-11-27 20:11:32 error: API Error: 404 - Not Found
2025-11-27 20:12:42 error: API Error: 404 - Not Found
2025-11-27 20:13:31 error: API Error: 404 - Not Found
2025-11-27 20:13:43 error: API Error: 404 - Not Found
2025-11-27 20:13:45 error: API Error: 404 - Not Found
2025-11-27 20:13:46 error: API Error: 404 - Not Found
2025-11-27 20:14:44 error: API Error: 404 - Not Found
2025-11-27 20:14:48 error: API Error: 404 - Not Found
2025-11-27 20:15:05 error: API Error: 404 - Not Found
2025-11-27 20:15:58 error: API Error: 404 - Not Found
2025-11-27 20:17:17 info: ⚙️ Server is running on port: 4000
2025-11-27 20:18:07 error: API Error: 404 - Not Found
2025-11-27 20:18:10 error: API Error: 404 - Not Found
2025-11-27 20:18:27 error: API Error: 404 - Not Found
2025-11-27 20:21:42 error: API Error: 404 - Not Found
2025-11-27 20:24:17 error: API Error: 404 - Not Found
2025-11-27 20:24:47 error: API Error: 404 - Not Found
2025-11-27 20:28:02 error: API Error: 404 - Not Found
2025-11-27 20:28:02 error: API Error: 404 - Not Found
2025-11-27 20:28:11 error: API Error: 404 - Not Found
2025-11-27 20:28:11 error: API Error: 404 - Not Found
2025-11-27 20:28:12 error: API Error: 404 - Not Found
2025-11-27 20:28:12 error: API Error: 404 - Not Found
2025-11-27 20:28:12 error: API Error: 404 - Not Found
2025-11-27 20:28:12 error: API Error: 404 - Not Found
2025-11-27 20:28:12 error: API Error: 404 - Not Found
2025-11-27 20:28:12 error: API Error: 404 - Not Found
2025-11-27 20:28:12 error: API Error: 404 - Not Found
2025-11-27 20:28:12 error: API Error: 404 - Not Found
2025-11-27 20:28:12 error: API Error: 404 - Not Found
2025-11-27 20:28:13 error: API Error: 404 - Not Found
2025-11-27 20:28:13 error: API Error: 404 - Not Found
2025-11-27 20:28:13 error: API Error: 404 - Not Found
2025-11-27 20:28:13 error: API Error: 404 - Not Found
2025-11-27 20:28:13 error: API Error: 404 - Not Found
2025-11-27 20:28:13 error: API Error: 404 - Not Found
2025-11-27 20:28:13 error: API Error: 404 - Not Found
2025-11-27 20:28:13 error: API Error: 404 - Not Found
2025-11-27 20:28:13 error: API Error: 404 - Not Found
2025-11-27 20:28:13 error: API Error: 404 - Not Found
2025-11-27 20:28:13 error: API Error: 404 - Not Found
2025-11-27 20:28:13 error: API Error: 404 - Not Found
2025-11-27 20:28:13 error: API Error: 404 - Not Found
2025-11-27 20:28:13 error: API Error: 404 - Not Found
2025-11-27 20:28:13 error: API Error: 404 - Not Found
2025-11-27 20:28:13 error: API Error: 404 - Not Found
2025-11-27 20:28:13 error: API Error: 404 - Not Found
2025-11-27 20:28:13 error: API Error: 404 - Not Found
2025-11-27 20:28:13 error: API Error: 404 - Not Found
2025-11-27 20:28:13 error: API Error: 404 - Not Found
2025-11-27 20:28:13 error: API Error: 404 - Not Found
2025-11-27 20:28:13 error: API Error: 404 - Not Found
2025-11-27 20:28:13 error: API Error: 404 - Not Found
2025-11-27 20:28:13 error: API Error: 404 - Not Found
2025-11-27 20:28:13 error: API Error: 404 - Not Found
2025-11-27 20:28:13 error: API Error: 404 - Not Found
2025-11-27 20:28:13 error: API Error: 404 - Not Found
2025-11-27 20:28:13 error: API Error: 404 - Not Found
2025-11-27 20:28:13 error: API Error: 404 - Not Found
2025-11-27 20:28:13 error: API Error: 404 - Not Found
2025-11-27 20:28:13 error: API Error: 404 - Not Found
2025-11-27 20:28:13 error: API Error: 404 - Not Found
2025-11-27 20:28:13 error: API Error: 404 - Not Found
2025-11-27 20:28:15 error: API Error: 404 - Not Found
2025-11-27 20:28:15 error: API Error: 404 - Not Found
2025-11-27 20:28:15 error: API Error: 404 - Not Found
2025-11-27 20:28:15 error: API Error: 404 - Not Found
2025-11-27 20:34:39 error: API Error: 404 - User does not exist
2025-11-27 20:42:28 error: API Error: 409 - User with email or username already exists
2025-11-27 20:46:27 error: API Error: 404 - Not Found
2025-11-27 20:46:27 error: API Error: 404 - Not Found
2025-11-27 20:46:32 error: API Error: 404 - Not Found
2025-11-27 20:46:32 error: API Error: 404 - Not Found
2025-11-27 20:46:32 error: API Error: 404 - Not Found
2025-11-27 20:46:32 error: API Error: 404 - Not Found
2025-11-27 20:46:36 error: API Error: 404 - Not Found
2025-11-27 20:46:36 error: API Error: 404 - Not Found
2025-11-27 20:46:37 error: API Error: 404 - Not Found
2025-11-27 20:46:38 error: API Error: 404 - Not Found
2025-11-27 20:46:38 error: API Error: 404 - Not Found
2025-11-27 20:46:38 error: API Error: 404 - Not Found
2025-11-27 20:47:19 error: API Error: 404 - Not Found
2025-11-27 20:47:19 error: API Error: 404 - Not Found
2025-11-27 20:47:19 error: API Error: 404 - Not Found
2025-11-27 20:47:19 error: API Error: 404 - Not Found
