2025-11-27 01:27:22 info: [0mPOST /api/v1/auth/login [32m200[0m 237.918 ms - 780[0m
2025-11-27 01:28:30 info: [0mPOST /api/v1/auth/login [32m200[0m 155.884 ms - 780[0m
2025-11-27 01:29:10 info: [0mPOST /api/v1/auth/register [33m409[0m 21.848 ms - 84[0m
2025-11-27 01:29:28 info: [0mPOST /api/v1/auth/register [32m201[0m 173.578 ms - 277[0m
2025-11-27 01:29:37 info: [0mPOST /api/v1/auth/login [33m404[0m 5.757 ms - 61[0m
2025-11-27 01:29:49 info: [0mPOST /api/v1/auth/login [33m404[0m 4.691 ms - 61[0m
2025-11-27 01:30:24 info: [0mPOST /api/v1/auth/login [33m404[0m 4.247 ms - 61[0m
2025-11-27 01:30:28 info: [0mPOST /api/v1/auth/login [33m404[0m 3.958 ms - 61[0m
2025-11-27 01:31:17 info: [0mPOST /api/v1/auth/register [33m409[0m 7.482 ms - 84[0m
2025-11-27 01:31:26 info: [0mPOST /api/v1/auth/register [33m409[0m 5.220 ms - 84[0m
2025-11-27 01:31:37 info: [0mPOST /api/v1/auth/register [33m409[0m 5.399 ms - 84[0m
2025-11-27 01:31:54 info: [0mPOST /api/v1/auth/register [33m409[0m 5.486 ms - 84[0m
2025-11-27 01:32:43 info: [0mPOST /api/v1/auth/register [32m201[0m 149.300 ms - 278[0m
2025-11-27 01:32:55 info: [0mPOST /api/v1/auth/login [32m200[0m 160.607 ms - 766[0m
2025-11-27 01:36:07 info: [0mPOST /api/v1/auth/login [32m200[0m 154.163 ms - 780[0m
2025-11-27 01:36:46 info: [0mPOST /api/v1/auth/register [32m201[0m 149.377 ms - 283[0m
2025-11-27 01:37:38 info: [0mPOST /api/v1/auth/register [33m409[0m 5.228 ms - 84[0m
2025-11-27 01:38:06 info: [0mPOST /api/v1/auth/register [32m201[0m 161.922 ms - 279[0m
2025-11-27 01:38:17 info: [0mPOST /api/v1/auth/login [32m200[0m 160.836 ms - 769[0m
2025-11-27 01:45:09 info: [0mPOST /api/v1/auth/login [33m404[0m 28.639 ms - 61[0m
2025-11-27 01:45:18 info: [0mPOST /api/v1/auth/login [32m200[0m 203.030 ms - 791[0m
2025-11-27 01:45:40 info: [0mPOST /api/v1/auth/register [32m201[0m 157.747 ms - 282[0m
2025-11-27 01:45:46 info: [0mPOST /api/v1/auth/login [33m404[0m 5.415 ms - 61[0m
2025-11-27 01:45:50 info: [0mPOST /api/v1/auth/login [33m404[0m 5.286 ms - 61[0m
2025-11-27 01:46:01 info: [0mPOST /api/v1/auth/login [32m200[0m 156.861 ms - 776[0m
2025-11-27 11:22:29 info: [0mPOST /api/v1/auth/login [32m200[0m 250.811 ms - 776[0m
2025-11-27 12:44:15 info: [0mPOST /api/v1/auth/register [33m409[0m 49.203 ms - 84[0m
2025-11-27 12:44:47 info: [0mPOST /api/v1/auth/register [31m500[0m 40.238 ms - 51[0m
2025-11-27 12:47:49 info: [0mPOST /api/v1/auth/register [31m500[0m 10.627 ms - 51[0m
2025-11-27 13:33:13 info: [0mPOST /api/v1/auth/register [32m201[0m 287.785 ms - 274[0m
2025-11-27 13:34:47 info: [0mPOST /api/v1/auth/register [33m409[0m 11.718 ms - 84[0m
2025-11-27 13:35:22 info: [0mGET /api/v1/auth/login [33m404[0m 3.453 ms - 51[0m
2025-11-27 13:35:27 info: [0mGET /api/v1/auth/login [33m404[0m 2.165 ms - 51[0m
2025-11-27 13:38:17 info: [0mGET /api/v1/auth/login [33m404[0m 3.205 ms - 51[0m
2025-11-27 13:38:24 info: [0mGET /api/v1/auth/login [33m404[0m 1.805 ms - 51[0m
2025-11-27 13:39:12 info: [0mPOST /api/v1/auth/login [32m200[0m 187.667 ms - 757[0m
2025-11-27 13:40:04 info: [0mPOST /api/v1//auth/logout [33m404[0m 2.458 ms - 51[0m
2025-11-27 13:40:15 info: [0mPOST /api/v1//auth/logout [33m404[0m 3.473 ms - 51[0m
2025-11-27 13:52:48 info: [0mPOST /api/v1//auth/logout [33m404[0m 2.297 ms - 51[0m
2025-11-27 13:53:06 info: [0mPOST /api/v1//auth/logout [33m404[0m 1.501 ms - 51[0m
2025-11-27 13:55:21 info: [0mPOST /api/v1//auth/logout [33m404[0m 1.639 ms - 51[0m
2025-11-27 13:55:40 info: [0mPOST /api/v1//auth/logout [33m404[0m 1.447 ms - 51[0m
2025-11-27 13:56:15 info: [0mPOST /api/v1//auth/logout [33m404[0m 1.894 ms - 51[0m
2025-11-27 14:03:18 info: [0mPOST /api/v1//auth/logout [33m404[0m 1.923 ms - 51[0m
2025-11-27 14:03:29 info: [0mPOST /api/v1//auth/logout [33m404[0m 1.478 ms - 51[0m
2025-11-27 14:03:35 info: [0mPOST /api/v1//auth/logout [33m404[0m 1.459 ms - 51[0m
2025-11-27 14:03:55 info: [0mPOST /api/v1//auth/logout [33m404[0m 1.467 ms - 51[0m
2025-11-27 14:07:34 info: [0mPOST /api/v1//auth/refresh-token [33m404[0m 1.453 ms - 51[0m
2025-11-27 14:08:02 info: [0mPOST /api/v1//auth/refresh-token [33m404[0m 0.984 ms - 51[0m
2025-11-27 15:57:46 info: [0mPOST /api/v1//soil/data [33m404[0m 2.167 ms - 51[0m
2025-11-27 16:01:15 info: [0mPOST /api/v1//soil/data [33m404[0m 1.450 ms - 51[0m
2025-11-27 16:03:18 info: [0mPOST /api/v1//soil/data [33m404[0m 3.612 ms - 51[0m
2025-11-27 16:04:02 info: [0mPOST /api/v1/soil/data%0A [33m404[0m 2.872 ms - 51[0m
2025-11-27 16:05:18 info: [0mPOST /api/v1/soil/data%0A [33m404[0m 3.133 ms - 51[0m
2025-11-27 16:05:29 info: [0mPOST /api/v1/soil/data%0A [33m404[0m 1.406 ms - 51[0m
2025-11-27 16:10:27 info: [0mPOST /api/v1/soil/data%0A [33m404[0m 1.330 ms - 51[0m
2025-11-27 16:12:04 info: [0mGET / [32m200[0m 2.028 ms - 45[0m
2025-11-27 16:12:04 info: [0mGET /favicon.ico [33m404[0m 1.639 ms - 51[0m
2025-11-27 16:16:16 info: [0mGET / [36m304[0m 5.856 ms - -[0m
2025-11-27 16:19:00 info: [0mPOST /api/v1/auth/login [32m200[0m 225.756 ms - 757[0m
2025-11-27 16:19:10 info: [0mPOST /api/v1/auth/login [32m200[0m 167.821 ms - 757[0m
2025-11-27 16:25:00 info: [0mPOST /api/v1/soil/data [32m201[0m 25.007 ms - 352[0m
2025-11-27 16:27:39 info: [0mPOST /api/v1/soil/data [32m201[0m 12.840 ms - 350[0m
2025-11-27 18:13:40 info: [0mGET /api/v1/soil/data?deviceId=dev123 [32m200[0m 29.254 ms - 352[0m
2025-11-27 18:18:19 info: [0mGET /api/v1/soil/ideals [32m200[0m 7.101 ms - 282[0m
2025-11-27 18:19:41 info: [0mGET /api/v1/users [32m200[0m 17.789 ms - 725[0m
2025-11-27 20:10:37 info: [0mGET /soil/data?limit=200 [33m404[0m 11.933 ms - 51[0m
2025-11-27 20:10:37 info: [0mGET /soil/data?limit=200 [33m404[0m 3.409 ms - 51[0m
2025-11-27 20:11:32 info: [0mPOST /auth/login [33m404[0m 1.948 ms - 51[0m
2025-11-27 20:12:42 info: [0mPOST /auth/register [33m404[0m 2.282 ms - 51[0m
2025-11-27 20:13:31 info: [0mPOST /auth/register [33m404[0m 2.271 ms - 51[0m
2025-11-27 20:13:43 info: [0mPOST /auth/login [33m404[0m 1.662 ms - 51[0m
2025-11-27 20:13:45 info: [0mPOST /auth/login [33m404[0m 1.711 ms - 51[0m
2025-11-27 20:13:46 info: [0mPOST /auth/login [33m404[0m 1.741 ms - 51[0m
2025-11-27 20:14:44 info: [0mPOST /auth/register [33m404[0m 2.082 ms - 51[0m
2025-11-27 20:14:48 info: [0mPOST /auth/register [33m404[0m 2.594 ms - 51[0m
2025-11-27 20:15:05 info: [0mPOST /auth/login [33m404[0m 1.723 ms - 51[0m
2025-11-27 20:15:58 info: [0mPOST /auth/register [33m404[0m 1.615 ms - 51[0m
2025-11-27 20:18:07 info: [0mPOST /auth/login [33m404[0m 7.979 ms - 51[0m
2025-11-27 20:18:10 info: [0mPOST /auth/login [33m404[0m 6.536 ms - 51[0m
2025-11-27 20:18:27 info: [0mPOST /auth/register [33m404[0m 2.451 ms - 51[0m
2025-11-27 20:21:42 info: [0mPOST /auth/register [33m404[0m 2.545 ms - 51[0m
2025-11-27 20:24:17 info: [0mPOST /auth/login [33m404[0m 1.939 ms - 51[0m
2025-11-27 20:24:47 info: [0mPOST /auth/register [33m404[0m 2.078 ms - 51[0m
2025-11-27 20:28:01 info: [0mPOST /api/v1/auth/login [32m200[0m 271.875 ms - 791[0m
2025-11-27 20:28:02 info: [0mGET /soil/data?limit=200 [33m404[0m 1.898 ms - 51[0m
2025-11-27 20:28:02 info: [0mGET /soil/data?limit=200 [33m404[0m 2.052 ms - 51[0m
2025-11-27 20:28:11 info: [0mGET /soil/table?type=macro&mode=count [33m404[0m 5.858 ms - 51[0m
2025-11-27 20:28:11 info: [0mGET /soil/table?type=macro&mode=count [33m404[0m 107.753 ms - 51[0m
2025-11-27 20:28:12 info: [0mGET /reports/plant?start=2025-10-28T14%3A58%3A12.643Z&stop=2025-11-27T14%3A58%3A12.643Z [33m404[0m 100.248 ms - 51[0m
2025-11-27 20:28:12 info: [0mGET /soil/data?limit=200&start=2025-10-28T14%3A58%3A12.618Z&end=2025-11-27T14%3A58%3A12.618Z [33m404[0m 1.896 ms - 51[0m
2025-11-27 20:28:12 info: [0mGET /reports/plant?start=2025-10-28T14%3A58%3A12.643Z&stop=2025-11-27T14%3A58%3A12.643Z [33m404[0m 1.687 ms - 51[0m
2025-11-27 20:28:12 info: [0mGET /soil/data?limit=200&start=2025-10-28T14%3A58%3A12.618Z&end=2025-11-27T14%3A58%3A12.618Z [33m404[0m 2.814 ms - 51[0m
2025-11-27 20:28:12 info: [0mGET /reports/plant?start=2025-10-28T14%3A58%3A12.861Z&stop=2025-11-27T14%3A58%3A12.861Z [33m404[0m 1.402 ms - 51[0m
2025-11-27 20:28:12 info: [0mGET /reports/plant?start=2025-10-28T14%3A58%3A12.881Z&stop=2025-11-27T14%3A58%3A12.881Z [33m404[0m 1.874 ms - 51[0m
2025-11-27 20:28:12 info: [0mGET /reports/plant?start=2025-10-28T14%3A58%3A12.899Z&stop=2025-11-27T14%3A58%3A12.899Z [33m404[0m 1.374 ms - 51[0m
2025-11-27 20:28:12 info: [0mGET /reports/plant?start=2025-10-28T14%3A58%3A12.917Z&stop=2025-11-27T14%3A58%3A12.917Z [33m404[0m 4.286 ms - 51[0m
2025-11-27 20:28:12 info: [0mGET /reports/plant?start=2025-10-28T14%3A58%3A12.947Z&stop=2025-11-27T14%3A58%3A12.947Z [33m404[0m 1.079 ms - 51[0m
2025-11-27 20:28:13 info: [0mGET /reports/plant?start=2025-10-28T14%3A58%3A12.966Z&stop=2025-11-27T14%3A58%3A12.966Z [33m404[0m 1.810 ms - 51[0m
2025-11-27 20:28:13 info: [0mGET /reports/plant?start=2025-10-28T14%3A58%3A13.071Z&stop=2025-11-27T14%3A58%3A13.071Z [33m404[0m 1.231 ms - 51[0m
2025-11-27 20:28:13 info: [0mGET /reports/plant?start=2025-10-28T14%3A58%3A13.088Z&stop=2025-11-27T14%3A58%3A13.088Z [33m404[0m 1.366 ms - 51[0m
2025-11-27 20:28:13 info: [0mGET /reports/plant?start=2025-10-28T14%3A58%3A13.101Z&stop=2025-11-27T14%3A58%3A13.101Z [33m404[0m 1.592 ms - 51[0m
2025-11-27 20:28:13 info: [0mGET /reports/plant?start=2025-10-28T14%3A58%3A13.116Z&stop=2025-11-27T14%3A58%3A13.116Z [33m404[0m 1.401 ms - 51[0m
2025-11-27 20:28:13 info: [0mGET /reports/plant?start=2025-10-28T14%3A58%3A13.132Z&stop=2025-11-27T14%3A58%3A13.132Z [33m404[0m 1.481 ms - 51[0m
2025-11-27 20:28:13 info: [0mGET /reports/plant?start=2025-10-28T14%3A58%3A13.146Z&stop=2025-11-27T14%3A58%3A13.146Z [33m404[0m 1.001 ms - 51[0m
2025-11-27 20:28:13 info: [0mGET /reports/plant?start=2025-10-28T14%3A58%3A13.159Z&stop=2025-11-27T14%3A58%3A13.159Z [33m404[0m 1.221 ms - 51[0m
2025-11-27 20:28:13 info: [0mGET /reports/plant?start=2025-10-28T14%3A58%3A13.173Z&stop=2025-11-27T14%3A58%3A13.173Z [33m404[0m 1.211 ms - 51[0m
2025-11-27 20:28:13 info: [0mGET /reports/plant?start=2025-10-28T14%3A58%3A13.187Z&stop=2025-11-27T14%3A58%3A13.187Z [33m404[0m 1.940 ms - 51[0m
2025-11-27 20:28:13 info: [0mGET /reports/plant?start=2025-10-28T14%3A58%3A13.201Z&stop=2025-11-27T14%3A58%3A13.201Z [33m404[0m 1.449 ms - 51[0m
2025-11-27 20:28:13 info: [0mGET /reports/plant?start=2025-10-28T14%3A58%3A13.216Z&stop=2025-11-27T14%3A58%3A13.216Z [33m404[0m 1.347 ms - 51[0m
2025-11-27 20:28:13 info: [0mGET /reports/plant?start=2025-10-28T14%3A58%3A13.231Z&stop=2025-11-27T14%3A58%3A13.231Z [33m404[0m 1.233 ms - 51[0m
2025-11-27 20:28:13 info: [0mGET /reports/plant?start=2025-10-28T14%3A58%3A13.249Z&stop=2025-11-27T14%3A58%3A13.249Z [33m404[0m 1.554 ms - 51[0m
2025-11-27 20:28:13 info: [0mGET /reports/plant?start=2025-10-28T14%3A58%3A13.264Z&stop=2025-11-27T14%3A58%3A13.264Z [33m404[0m 1.186 ms - 51[0m
2025-11-27 20:28:13 info: [0mGET /reports/plant?start=2025-10-28T14%3A58%3A13.283Z&stop=2025-11-27T14%3A58%3A13.283Z [33m404[0m 2.241 ms - 51[0m
2025-11-27 20:28:13 info: [0mGET /reports/plant?start=2025-10-28T14%3A58%3A13.299Z&stop=2025-11-27T14%3A58%3A13.299Z [33m404[0m 1.874 ms - 51[0m
2025-11-27 20:28:13 info: [0mGET /reports/plant?start=2025-10-28T14%3A58%3A13.312Z&stop=2025-11-27T14%3A58%3A13.312Z [33m404[0m 1.338 ms - 51[0m
2025-11-27 20:28:13 info: [0mGET /reports/plant?start=2025-10-28T14%3A58%3A13.325Z&stop=2025-11-27T14%3A58%3A13.325Z [33m404[0m 3.638 ms - 51[0m
2025-11-27 20:28:13 info: [0mGET /reports/plant?start=2025-10-28T14%3A58%3A13.341Z&stop=2025-11-27T14%3A58%3A13.341Z [33m404[0m 1.466 ms - 51[0m
2025-11-27 20:28:13 info: [0mGET /reports/plant?start=2025-10-28T14%3A58%3A13.355Z&stop=2025-11-27T14%3A58%3A13.355Z [33m404[0m 1.202 ms - 51[0m
2025-11-27 20:28:13 info: [0mGET /reports/plant?start=2025-10-28T14%3A58%3A13.368Z&stop=2025-11-27T14%3A58%3A13.368Z [33m404[0m 1.224 ms - 51[0m
2025-11-27 20:28:13 info: [0mGET /reports/plant?start=2025-10-28T14%3A58%3A13.382Z&stop=2025-11-27T14%3A58%3A13.382Z [33m404[0m 1.539 ms - 51[0m
2025-11-27 20:28:13 info: [0mGET /reports/plant?start=2025-10-28T14%3A58%3A13.397Z&stop=2025-11-27T14%3A58%3A13.397Z [33m404[0m 1.286 ms - 51[0m
2025-11-27 20:28:13 info: [0mGET /reports/plant?start=2025-10-28T14%3A58%3A13.411Z&stop=2025-11-27T14%3A58%3A13.411Z [33m404[0m 1.913 ms - 51[0m
2025-11-27 20:28:13 info: [0mGET /reports/plant?start=2025-10-28T14%3A58%3A13.429Z&stop=2025-11-27T14%3A58%3A13.429Z [33m404[0m 1.574 ms - 51[0m
2025-11-27 20:28:13 info: [0mGET /reports/plant?start=2025-10-28T14%3A58%3A13.445Z&stop=2025-11-27T14%3A58%3A13.445Z [33m404[0m 1.810 ms - 51[0m
2025-11-27 20:28:13 info: [0mGET /reports/plant?start=2025-10-28T14%3A58%3A13.459Z&stop=2025-11-27T14%3A58%3A13.459Z [33m404[0m 1.492 ms - 51[0m
2025-11-27 20:28:13 info: [0mGET /reports/plant?start=2025-10-28T14%3A58%3A13.488Z&stop=2025-11-27T14%3A58%3A13.488Z [33m404[0m 3.454 ms - 51[0m
2025-11-27 20:28:13 info: [0mGET /reports/plant?start=2025-10-28T14%3A58%3A13.506Z&stop=2025-11-27T14%3A58%3A13.506Z [33m404[0m 1.743 ms - 51[0m
2025-11-27 20:28:13 info: [0mGET /reports/plant?start=2025-10-28T14%3A58%3A13.524Z&stop=2025-11-27T14%3A58%3A13.524Z [33m404[0m 6.139 ms - 51[0m
2025-11-27 20:28:13 info: [0mGET /soil/data?limit=200 [33m404[0m 2.776 ms - 51[0m
2025-11-27 20:28:13 info: [0mGET /soil/data?limit=200 [33m404[0m 1.544 ms - 51[0m
2025-11-27 20:28:15 info: [0mGET /soil/data?limit=10 [33m404[0m 2.218 ms - 51[0m
2025-11-27 20:28:15 info: [0mGET /soil/ideals [33m404[0m 8.311 ms - 51[0m
2025-11-27 20:28:15 info: [0mGET /soil/data?limit=10 [33m404[0m 2.272 ms - 51[0m
2025-11-27 20:28:15 info: [0mGET /soil/ideals [33m404[0m 1.304 ms - 51[0m
2025-11-27 20:34:39 info: [0mPOST /api/v1/auth/login [33m404[0m 9.805 ms - 61[0m
2025-11-27 20:35:19 info: [0mPOST /api/v1/auth/register [32m201[0m 197.856 ms - 282[0m
2025-11-27 20:35:27 info: [0mPOST /api/v1/auth/login [32m200[0m 205.534 ms - 776[0m
2025-11-27 20:36:35 info: [0mPOST /api/v1/soil/data [32m201[0m 33.150 ms - 357[0m
2025-11-27 20:38:25 info: [0mPOST /api/v1/auth/register [32m201[0m 204.536 ms - 277[0m
2025-11-27 20:38:40 info: [0mPOST /api/v1/auth/login [32m200[0m 181.522 ms - 764[0m
2025-11-27 20:39:16 info: [0mPOST /api/v1/soil/data [32m201[0m 12.103 ms - 357[0m
2025-11-27 20:39:46 info: [0mPOST /api/v1/auth/register [32m201[0m 191.298 ms - 277[0m
2025-11-27 20:39:56 info: [0mPOST /api/v1/auth/login [32m200[0m 174.236 ms - 764[0m
2025-11-27 20:40:23 info: [0mPOST /api/v1/soil/data [32m201[0m 14.503 ms - 356[0m
2025-11-27 20:40:41 info: [0mPOST /api/v1/auth/register [32m201[0m 176.564 ms - 277[0m
2025-11-27 20:40:49 info: [0mPOST /api/v1/auth/login [32m200[0m 196.768 ms - 764[0m
2025-11-27 20:41:12 info: [0mPOST /api/v1/soil/data [32m201[0m 13.103 ms - 357[0m
2025-11-27 20:41:38 info: [0mPOST /api/v1/auth/register [32m201[0m 167.321 ms - 277[0m
2025-11-27 20:41:46 info: [0mPOST /api/v1/auth/login [32m200[0m 226.914 ms - 764[0m
2025-11-27 20:42:15 info: [0mPOST /api/v1/soil/data [32m201[0m 14.976 ms - 357[0m
2025-11-27 20:42:28 info: [0mPOST /api/v1/auth/register [33m409[0m 5.620 ms - 84[0m
2025-11-27 20:42:34 info: [0mPOST /api/v1/auth/register [32m201[0m 164.476 ms - 277[0m
2025-11-27 20:42:44 info: [0mPOST /api/v1/auth/login [32m200[0m 171.630 ms - 764[0m
2025-11-27 20:43:07 info: [0mPOST /api/v1/soil/data [32m201[0m 23.557 ms - 357[0m
2025-11-27 20:46:27 info: [0mGET /soil/data?limit=200 [33m404[0m 1.366 ms - 51[0m
2025-11-27 20:46:27 info: [0mGET /soil/data?limit=200 [33m404[0m 2.434 ms - 51[0m
2025-11-27 20:46:32 info: [0mGET /soil/data?limit=10 [33m404[0m 1.713 ms - 51[0m
2025-11-27 20:46:32 info: [0mGET /soil/ideals [33m404[0m 1.188 ms - 51[0m
2025-11-27 20:46:32 info: [0mGET /soil/data?limit=10 [33m404[0m 1.891 ms - 51[0m
2025-11-27 20:46:32 info: [0mGET /soil/ideals [33m404[0m 1.889 ms - 51[0m
2025-11-27 20:46:36 info: [0mGET /soil/data?limit=200 [33m404[0m 1.462 ms - 51[0m
2025-11-27 20:46:36 info: [0mGET /soil/data?limit=200 [33m404[0m 1.345 ms - 51[0m
2025-11-27 20:46:37 info: [0mGET /soil/table?type=macro&mode=count [33m404[0m 1.629 ms - 51[0m
2025-11-27 20:46:38 info: [0mGET /soil/table?type=macro&mode=count [33m404[0m 2.077 ms - 51[0m
2025-11-27 20:46:38 info: [0mGET /soil/data?limit=200 [33m404[0m 1.354 ms - 51[0m
2025-11-27 20:46:38 info: [0mGET /soil/data?limit=200 [33m404[0m 1.250 ms - 51[0m
2025-11-27 20:47:19 info: [0mGET /soil/data?limit=10 [33m404[0m 1.941 ms - 51[0m
2025-11-27 20:47:19 info: [0mGET /soil/ideals [33m404[0m 4.203 ms - 51[0m
2025-11-27 20:47:19 info: [0mGET /soil/data?limit=10 [33m404[0m 1.515 ms - 51[0m
2025-11-27 20:47:19 info: [0mGET /soil/ideals [33m404[0m 1.302 ms - 51[0m
2025-11-27 20:50:56 info: [0mGET /api/v1/soil/ideals [32m200[0m 16.743 ms - 282[0m
2025-11-27 20:50:56 info: [0mGET /api/v1/soil/data?deviceId=demo-device-1 [32m200[0m 31.388 ms - 359[0m
2025-11-27 20:50:56 info: [0mGET /api/v1/soil/ideals [36m304[0m 9.923 ms - -[0m
2025-11-27 20:50:56 info: [0mGET /api/v1/soil/data?deviceId=demo-device-1 [36m304[0m 10.226 ms - -[0m
2025-11-27 20:51:37 info: [0mPOST /api/v1/auth/login [32m200[0m 265.713 ms - 791[0m
2025-11-27 20:51:37 info: [0mGET /api/v1/soil/data?deviceId=demo-device-1 [36m304[0m 14.370 ms - -[0m
2025-11-27 20:51:37 info: [0mGET /api/v1/soil/data?deviceId=demo-device-1 [36m304[0m 11.155 ms - -[0m
2025-11-27 20:51:37 info: [0mGET /api/v1/soil/ideals [36m304[0m 7.990 ms - -[0m
2025-11-27 20:51:37 info: [0mGET /api/v1/soil/ideals [36m304[0m 13.184 ms - -[0m
2025-11-27 20:51:41 info: [0mGET /api/v1/soil/data?deviceId=demo-device-1 [36m304[0m 15.440 ms - -[0m
2025-11-27 20:51:41 info: [0mGET /api/v1/soil/data?deviceId=demo-device-1 [36m304[0m 17.857 ms - -[0m
2025-11-27 20:51:41 info: [0mGET /api/v1/soil/ideals [36m304[0m 8.297 ms - -[0m
2025-11-27 20:51:41 info: [0mGET /api/v1/soil/ideals [36m304[0m 6.786 ms - -[0m
2025-11-27 20:51:54 info: [0mGET /api/v1/soil/ideals [36m304[0m 17.032 ms - -[0m
2025-11-27 20:51:54 info: [0mGET /api/v1/soil/data?deviceId=demo-device-1 [36m304[0m 43.839 ms - -[0m
2025-11-27 20:51:54 info: [0mGET /api/v1/soil/ideals [36m304[0m 10.609 ms - -[0m
2025-11-27 20:51:54 info: [0mGET /api/v1/soil/data?deviceId=demo-device-1 [36m304[0m 12.885 ms - -[0m
2025-11-27 20:52:29 info: [0mGET /api/v1/soil/ideals [36m304[0m 9.527 ms - -[0m
2025-11-27 20:52:29 info: [0mGET /api/v1/soil/data?deviceId=demo-device-1 [36m304[0m 17.932 ms - -[0m
2025-11-27 20:52:29 info: [0mGET /api/v1/soil/ideals [36m304[0m 6.878 ms - -[0m
2025-11-27 20:52:29 info: [0mGET /api/v1/soil/data?deviceId=demo-device-1 [36m304[0m 14.870 ms - -[0m
2025-11-27 20:52:47 info: [0mPOST /api/v1/auth/login [32m200[0m 204.948 ms - 791[0m
2025-11-27 20:52:47 info: [0mGET /api/v1/soil/data?deviceId=demo-device-1 [36m304[0m 12.377 ms - -[0m
2025-11-27 20:52:47 info: [0mGET /api/v1/soil/data?deviceId=demo-device-1 [36m304[0m 12.151 ms - -[0m
2025-11-27 20:52:47 info: [0mGET /api/v1/soil/ideals [36m304[0m 8.778 ms - -[0m
2025-11-27 20:52:47 info: [0mGET /api/v1/soil/ideals [36m304[0m 6.175 ms - -[0m
2025-11-27 20:54:56 info: [0mGET /api/v1/soil/data?deviceId=demo-device-1 [36m304[0m 12.097 ms - -[0m
2025-11-27 20:54:56 info: [0mGET /api/v1/soil/data?deviceId=demo-device-1 [36m304[0m 11.372 ms - -[0m
2025-11-27 20:54:56 info: [0mGET /api/v1/soil/ideals [36m304[0m 5.628 ms - -[0m
2025-11-27 20:54:56 info: [0mGET /api/v1/soil/ideals [36m304[0m 6.026 ms - -[0m
2025-11-27 20:54:58 info: [0mGET /api/v1/soil/data?deviceId=demo-device-1 [36m304[0m 7.665 ms - -[0m
2025-11-27 20:54:58 info: [0mGET /api/v1/soil/data?deviceId=demo-device-1 [36m304[0m 7.578 ms - -[0m
2025-11-27 20:54:58 info: [0mGET /api/v1/soil/ideals [36m304[0m 4.430 ms - -[0m
2025-11-27 20:54:58 info: [0mGET /api/v1/soil/ideals [36m304[0m 4.738 ms - -[0m
2025-11-27 20:57:30 info: [0mGET /api/v1/soil/data?deviceId=demo-device-1 [36m304[0m 127.809 ms - -[0m
2025-11-27 20:57:30 info: [0mGET /api/v1/soil/ideals [36m304[0m 8.282 ms - -[0m
2025-11-27 20:57:30 info: [0mGET /api/v1/soil/data?deviceId=demo-device-1 [36m304[0m 15.341 ms - -[0m
2025-11-27 20:57:30 info: [0mGET /api/v1/soil/ideals [36m304[0m 5.394 ms - -[0m
2025-11-27 20:57:49 info: [0mGET /api/v1/soil/data?deviceId=demo-device-1 [36m304[0m 33.034 ms - -[0m
2025-11-27 20:57:49 info: [0mGET /api/v1/soil/ideals [36m304[0m 20.958 ms - -[0m
2025-11-27 20:57:49 info: [0mGET /api/v1/soil/data?deviceId=demo-device-1 [36m304[0m 26.317 ms - -[0m
2025-11-27 20:57:49 info: [0mGET /api/v1/soil/ideals [36m304[0m 16.020 ms - -[0m
2025-11-27 20:58:08 info: [0mGET /api/v1/soil/data?deviceId=demo-device-1 [36m304[0m 262.388 ms - -[0m
2025-11-27 20:58:08 info: [0mGET /api/v1/soil/data?deviceId=demo-device-1 [36m304[0m 107.432 ms - -[0m
2025-11-27 20:58:08 info: [0mGET /api/v1/soil/ideals [36m304[0m 72.970 ms - -[0m
2025-11-27 20:58:09 info: [0mGET /api/v1/soil/ideals [36m304[0m 19.110 ms - -[0m
